0 info it worked if it ends with ok
1 verbose cli [ 'C:\\Program Files\\nodejs\\node.exe',
1 verbose cli   'C:\\Program Files\\nodejs\\node_modules\\npm\\bin\\npm-cli.js',
1 verbose cli   'start' ]
2 info using npm@3.10.8
3 info using node@v6.9.1
4 verbose run-script [ 'prestart', 'start', 'poststart' ]
5 info lifecycle portfoliogallery@0.0.0~prestart: portfoliogallery@0.0.0
6 silly lifecycle portfoliogallery@0.0.0~prestart: no script for prestart, continuing
7 info lifecycle portfoliogallery@0.0.0~start: portfoliogallery@0.0.0
8 verbose lifecycle portfoliogallery@0.0.0~start: unsafe-perm in lifecycle true
9 verbose lifecycle portfoliogallery@0.0.0~start: PATH: C:\Program Files\nodejs\node_modules\npm\bin\node-gyp-bin;C:\Users\Joshy\Documents\my-projects\portfolioGallery\node_modules\.bin;C:\Program Files (x86)\Intel\TXE Components\TCS\;C:\Program Files\Intel\TXE Components\TCS\;C:\WINDOWS\system32;C:\WINDOWS;C:\WINDOWS\System32\Wbem;C:\WINDOWS\System32\WindowsPowerShell\v1.0\;C:\Program Files\Hewlett-Packard\SimplePass\;C:\Program Files (x86)\Windows Live\Shared;C:\Program Files (x86)\Brackets\command;C:\Program Files\nodejs\;C:\Program Files\Git\cmd;C:\Users\Joshy\AppData\Roaming\npm;C:\Program Files (x86)\Sublime Text 3;C:\Users\Joshy\AppData\Local\Microsoft\WindowsApps;C:\Program Files\Heroku\bin
10 verbose lifecycle portfoliogallery@0.0.0~start: CWD: C:\Users\Joshy\Documents\my-projects\portfolioGallery
11 silly lifecycle portfoliogallery@0.0.0~start: Args: [ '/d /s /c', 'node ./bin/www' ]
12 silly lifecycle portfoliogallery@0.0.0~start: Returned: code: 3221225786  signal: null
13 info lifecycle portfoliogallery@0.0.0~start: Failed to exec start script
14 verbose stack Error: portfoliogallery@0.0.0 start: `node ./bin/www`
14 verbose stack Exit status 3221225786
14 verbose stack     at EventEmitter.<anonymous> (C:\Program Files\nodejs\node_modules\npm\lib\utils\lifecycle.js:255:16)
14 verbose stack     at emitTwo (events.js:106:13)
14 verbose stack     at EventEmitter.emit (events.js:191:7)
14 verbose stack     at ChildProcess.<anonymous> (C:\Program Files\nodejs\node_modules\npm\lib\utils\spawn.js:40:14)
14 verbose stack     at emitTwo (events.js:106:13)
14 verbose stack     at ChildProcess.emit (events.js:191:7)
14 verbose stack     at maybeClose (internal/child_process.js:877:16)
14 verbose stack     at Process.ChildProcess._handle.onexit (internal/child_process.js:226:5)
15 verbose pkgid portfoliogallery@0.0.0
16 verbose cwd C:\Users\Joshy\Documents\my-projects\portfolioGallery
17 error Windows_NT 10.0.14393
18 error argv "C:\\Program Files\\nodejs\\node.exe" "C:\\Program Files\\nodejs\\node_modules\\npm\\bin\\npm-cli.js" "start"
19 error node v6.9.1
20 error npm  v3.10.8
21 error code ELIFECYCLE
22 error portfoliogallery@0.0.0 start: `node ./bin/www`
22 error Exit status 3221225786
23 error Failed at the portfoliogallery@0.0.0 start script 'node ./bin/www'.
23 error Make sure you have the latest version of node.js and npm installed.
23 error If you do, this is most likely a problem with the portfoliogallery package,
23 error not with npm itself.
23 error Tell the author that this fails on your system:
23 error     node ./bin/www
23 error You can get information on how to open an issue for this project with:
23 error     npm bugs portfoliogallery
23 error Or if that isn't available, you can get their info via:
23 error     npm owner ls portfoliogallery
23 error There is likely additional logging output above.
24 verbose exit [ 1, true ]
